This file contains any messages produced by compilers while
running configure, to aid debugging if configure makes a mistake.

It was created by configure, which was
generated by GNU Autoconf 2.69.  Invocation command line was

  $ ./configure 

## --------- ##
## Platform. ##
## --------- ##

hostname = localhost.localdomain
uname -m = x86_64
uname -r = 3.10.0-327.el7.x86_64
uname -s = Linux
uname -v = #1 SMP Thu Nov 19 22:10:57 UTC 2015

/usr/bin/uname -p = x86_64
/bin/uname -X     = unknown

/bin/arch              = x86_64
/usr/bin/arch -k       = unknown
/usr/convex/getsysinfo = unknown
/usr/bin/hostinfo      = unknown
/bin/machine           = unknown
/usr/bin/oslevel       = unknown
/bin/universe          = unknown

PATH: /usr/local/mysql/bin
PATH: /usr/lib64/qt-3.3/bin
PATH: /root/perl5/bin
PATH: /usr/local/sbin
PATH: /usr/local/bin
PATH: /usr/sbin
PATH: /usr/bin
PATH: /usr/local/protobuf/bin/
PATH: /root/bin


## ----------- ##
## Core tests. ##
## ----------- ##

configure:2209: checking for grep that handles long lines and -e
configure:2267: result: /usr/bin/grep
configure:2272: checking for egrep
configure:2334: result: /usr/bin/grep -E
configure:2339: checking for a sed that does not truncate output
configure:2403: result: /usr/bin/sed
configure:2537: checking for cc
configure:2553: found /usr/bin/cc
configure:2564: result: cc
configure:2595: checking for C compiler version
configure:2604: cc --version >&5
cc (GCC) 4.8.5 20150623 (Red Hat 4.8.5-11)
Copyright (C) 2015 Free Software Foundation, Inc.
This is free software; see the source for copying conditions.  There is NO
warranty; not even for MERCHANTABILITY or FITNESS FOR A PARTICULAR PURPOSE.

configure:2615: $? = 0
configure:2604: cc -v >&5
Using built-in specs.
COLLECT_GCC=cc
COLLECT_LTO_WRAPPER=/usr/libexec/gcc/x86_64-redhat-linux/4.8.5/lto-wrapper
Target: x86_64-redhat-linux
Configured with: ../configure --prefix=/usr --mandir=/usr/share/man --infodir=/usr/share/info --with-bugurl=http://bugzilla.redhat.com/bugzilla --enable-bootstrap --enable-shared --enable-threads=posix --enable-checking=release --with-system-zlib --enable-__cxa_atexit --disable-libunwind-exceptions --enable-gnu-unique-object --enable-linker-build-id --with-linker-hash-style=gnu --enable-languages=c,c++,objc,obj-c++,java,fortran,ada,go,lto --enable-plugin --enable-initfini-array --disable-libgcj --with-isl=/builddir/build/BUILD/gcc-4.8.5-20150702/obj-x86_64-redhat-linux/isl-install --with-cloog=/builddir/build/BUILD/gcc-4.8.5-20150702/obj-x86_64-redhat-linux/cloog-install --enable-gnu-indirect-function --with-tune=generic --with-arch_32=x86-64 --build=x86_64-redhat-linux
Thread model: posix
gcc version 4.8.5 20150623 (Red Hat 4.8.5-11) (GCC) 
configure:2615: $? = 0
configure:2604: cc -V >&5
cc: error: unrecognized command line option '-V'
cc: fatal error: no input files
compilation terminated.
configure:2615: $? = 4
configure:2604: cc -qversion >&5
cc: error: unrecognized command line option '-qversion'
cc: fatal error: no input files
compilation terminated.
configure:2615: $? = 4
configure:2635: checking whether the C compiler works
configure:2657: cc    conftest.c  >&5
configure:2661: $? = 0
configure:2709: result: yes
configure:2712: checking for C compiler default output file name
configure:2714: result: a.out
configure:2720: checking for suffix of executables
configure:2727: cc -o conftest    conftest.c  >&5
configure:2731: $? = 0
configure:2753: result: 
configure:2775: checking whether we are cross compiling
configure:2783: cc -o conftest    conftest.c  >&5
configure:2787: $? = 0
configure:2794: ./conftest
configure:2798: $? = 0
configure:2813: result: no
configure:2818: checking for suffix of object files
configure:2840: cc -c   conftest.c >&5
configure:2844: $? = 0
configure:2865: result: o
configure:2869: checking whether we are using the GNU C compiler
configure:2888: cc -c   conftest.c >&5
configure:2888: $? = 0
configure:2897: result: yes
configure:2906: checking whether cc accepts -g
configure:2926: cc -c -g  conftest.c >&5
configure:2926: $? = 0
configure:2967: result: yes
configure:2984: checking for cc option to accept ISO C89
configure:3047: cc  -c -g -O2  conftest.c >&5
configure:3047: $? = 0
configure:3060: result: none needed
configure:3086: checking how to run the C preprocessor
configure:3117: cc -E  conftest.c
configure:3117: $? = 0
configure:3131: cc -E  conftest.c
conftest.c:9:28: fatal error: ac_nonexistent.h: No such file or directory
 #include <ac_nonexistent.h>
                            ^
compilation terminated.
configure:3131: $? = 1
configure: failed program was:
| /* confdefs.h */
| #define PACKAGE_NAME ""
| #define PACKAGE_TARNAME ""
| #define PACKAGE_VERSION ""
| #define PACKAGE_STRING ""
| #define PACKAGE_BUGREPORT ""
| #define PACKAGE_URL ""
| /* end confdefs.h.  */
| #include <ac_nonexistent.h>
configure:3156: result: cc -E
configure:3176: cc -E  conftest.c
configure:3176: $? = 0
configure:3190: cc -E  conftest.c
conftest.c:9:28: fatal error: ac_nonexistent.h: No such file or directory
 #include <ac_nonexistent.h>
                            ^
compilation terminated.
configure:3190: $? = 1
configure: failed program was:
| /* confdefs.h */
| #define PACKAGE_NAME ""
| #define PACKAGE_TARNAME ""
| #define PACKAGE_VERSION ""
| #define PACKAGE_STRING ""
| #define PACKAGE_BUGREPORT ""
| #define PACKAGE_URL ""
| /* end confdefs.h.  */
| #include <ac_nonexistent.h>
configure:3221: checking for icc
configure:3230: result: no
configure:3244: checking for suncc
configure:3253: result: no
configure:3271: checking whether cc understands -c and -o together
configure:3299: cc -c conftest.c -o conftest2.o >&5
configure:3303: $? = 0
configure:3309: cc -c conftest.c -o conftest2.o >&5
configure:3313: $? = 0
configure:3368: result: yes
configure:3382: checking for system library directory
configure:3397: result: lib
configure:3404: checking if compiler supports -R
configure:3423: cc -o conftest -g -O2   conftest.c -R /usr/lib  >&5
cc: error: unrecognized command line option '-R'
configure:3423: $? = 1
configure: failed program was:
| /* confdefs.h */
| #define PACKAGE_NAME ""
| #define PACKAGE_TARNAME ""
| #define PACKAGE_VERSION ""
| #define PACKAGE_STRING ""
| #define PACKAGE_BUGREPORT ""
| #define PACKAGE_URL ""
| /* end confdefs.h.  */
| 
| int
| main ()
| {
| 
|   ;
|   return 0;
| }
configure:3433: result: no
configure:3438: checking if compiler supports -Wl,-rpath,
configure:3457: cc -o conftest -g -O2   conftest.c -Wl,-rpath,/usr/lib  >&5
configure:3457: $? = 0
configure:3467: result: yes
configure:3512: checking build system type
configure:3526: result: x86_64-unknown-linux-gnu
configure:3546: checking host system type
configure:3559: result: x86_64-unknown-linux-gnu
configure:3579: checking target system type
configure:3592: result: x86_64-unknown-linux-gnu
configure:3695: checking for PHP prefix
configure:3697: result: /usr
configure:3699: checking for PHP includes
configure:3701: result: -I/usr/include/php -I/usr/include/php/main -I/usr/include/php/TSRM -I/usr/include/php/Zend -I/usr/include/php/ext -I/usr/include/php/ext/date/lib
configure:3703: checking for PHP extension directory
configure:3705: result: /usr/lib64/php/modules
configure:3707: checking for PHP installed headers prefix
configure:3709: result: /usr/include/php
configure:3712: checking if debug is enabled
configure:3738: result: no
configure:3741: checking if zts is enabled
configure:3767: result: no
configure:3838: checking for re2c
configure:3868: result: no
configure:3893: WARNING: You will need re2c 0.13.4 or later if you want to regenerate PHP parsers.
configure:3907: checking for gawk
configure:3924: found /usr/bin/gawk
configure:3935: result: gawk
configure:3979: checking whether to enable the thrift_protocol extension
configure:4018: result: yes, shared
configure:4085: checking for g++
configure:4101: found /usr/bin/g++
configure:4112: result: g++
configure:4139: checking for C++ compiler version
configure:4148: g++ --version >&5
g++ (GCC) 4.8.5 20150623 (Red Hat 4.8.5-11)
Copyright (C) 2015 Free Software Foundation, Inc.
This is free software; see the source for copying conditions.  There is NO
warranty; not even for MERCHANTABILITY or FITNESS FOR A PARTICULAR PURPOSE.

configure:4159: $? = 0
configure:4148: g++ -v >&5
Using built-in specs.
COLLECT_GCC=g++
COLLECT_LTO_WRAPPER=/usr/libexec/gcc/x86_64-redhat-linux/4.8.5/lto-wrapper
Target: x86_64-redhat-linux
Configured with: ../configure --prefix=/usr --mandir=/usr/share/man --infodir=/usr/share/info --with-bugurl=http://bugzilla.redhat.com/bugzilla --enable-bootstrap --enable-shared --enable-threads=posix --enable-checking=release --with-system-zlib --enable-__cxa_atexit --disable-libunwind-exceptions --enable-gnu-unique-object --enable-linker-build-id --with-linker-hash-style=gnu --enable-languages=c,c++,objc,obj-c++,java,fortran,ada,go,lto --enable-plugin --enable-initfini-array --disable-libgcj --with-isl=/builddir/build/BUILD/gcc-4.8.5-20150702/obj-x86_64-redhat-linux/isl-install --with-cloog=/builddir/build/BUILD/gcc-4.8.5-20150702/obj-x86_64-redhat-linux/cloog-install --enable-gnu-indirect-function --with-tune=generic --with-arch_32=x86-64 --build=x86_64-redhat-linux
Thread model: posix
gcc version 4.8.5 20150623 (Red Hat 4.8.5-11) (GCC) 
configure:4159: $? = 0
configure:4148: g++ -V >&5
g++: error: unrecognized command line option '-V'
g++: fatal error: no input files
compilation terminated.
configure:4159: $? = 4
configure:4148: g++ -qversion >&5
g++: error: unrecognized command line option '-qversion'
g++: fatal error: no input files
compilation terminated.
configure:4159: $? = 4
configure:4163: checking whether we are using the GNU C++ compiler
configure:4182: g++ -c   conftest.cpp >&5
configure:4182: $? = 0
configure:4191: result: yes
configure:4200: checking whether g++ accepts -g
configure:4220: g++ -c -g  conftest.cpp >&5
configure:4220: $? = 0
configure:4261: result: yes
configure:4289: checking how to run the C++ preprocessor
configure:4316: g++ -E  conftest.cpp
configure:4316: $? = 0
configure:4330: g++ -E  conftest.cpp
conftest.cpp:9:28: fatal error: ac_nonexistent.h: No such file or directory
 #include <ac_nonexistent.h>
                            ^
compilation terminated.
configure:4330: $? = 1
configure: failed program was:
| /* confdefs.h */
| #define PACKAGE_NAME ""
| #define PACKAGE_TARNAME ""
| #define PACKAGE_VERSION ""
| #define PACKAGE_STRING ""
| #define PACKAGE_BUGREPORT ""
| #define PACKAGE_URL ""
| /* end confdefs.h.  */
| #include <ac_nonexistent.h>
configure:4355: result: g++ -E
configure:4375: g++ -E  conftest.cpp
configure:4375: $? = 0
configure:4389: g++ -E  conftest.cpp
conftest.cpp:9:28: fatal error: ac_nonexistent.h: No such file or directory
 #include <ac_nonexistent.h>
                            ^
compilation terminated.
configure:4389: $? = 1
configure: failed program was:
| /* confdefs.h */
| #define PACKAGE_NAME ""
| #define PACKAGE_TARNAME ""
| #define PACKAGE_VERSION ""
| #define PACKAGE_STRING ""
| #define PACKAGE_BUGREPORT ""
| #define PACKAGE_URL ""
| /* end confdefs.h.  */
| #include <ac_nonexistent.h>
configure:4529: checking check for supported PHP versions
configure:4830: result: supported (5.4.16)
configure:4889: checking how to print strings
configure:4916: result: printf
configure:4937: checking for a sed that does not truncate output
configure:5001: result: /usr/bin/sed
configure:5019: checking for fgrep
configure:5081: result: /usr/bin/grep -F
configure:5116: checking for ld used by cc
configure:5183: result: /usr/bin/ld
configure:5190: checking if the linker (/usr/bin/ld) is GNU ld
configure:5205: result: yes
configure:5217: checking for BSD- or MS-compatible name lister (nm)
configure:5266: result: /usr/bin/nm -B
configure:5396: checking the name lister (/usr/bin/nm -B) interface
configure:5403: cc -c -g -O2  conftest.c >&5
configure:5406: /usr/bin/nm -B "conftest.o"
configure:5409: output
0000000000000000 B some_variable
configure:5416: result: BSD nm
configure:5419: checking whether ln -s works
configure:5423: result: yes
configure:5431: checking the maximum length of command line arguments
configure:5561: result: 1572864
configure:5578: checking whether the shell understands some XSI constructs
configure:5588: result: yes
configure:5592: checking whether the shell understands "+="
configure:5598: result: yes
configure:5633: checking how to convert x86_64-unknown-linux-gnu file names to x86_64-unknown-linux-gnu format
configure:5673: result: func_convert_file_noop
configure:5680: checking how to convert x86_64-unknown-linux-gnu file names to toolchain format
configure:5700: result: func_convert_file_noop
configure:5707: checking for /usr/bin/ld option to reload object files
configure:5714: result: -r
configure:5788: checking for objdump
configure:5804: found /usr/bin/objdump
configure:5815: result: objdump
configure:5847: checking how to recognize dependent libraries
configure:6049: result: pass_all
configure:6134: checking for dlltool
configure:6164: result: no
configure:6194: checking how to associate runtime and link libraries
configure:6221: result: printf %s\n
configure:6281: checking for ar
configure:6297: found /usr/bin/ar
configure:6308: result: ar
configure:6345: checking for archiver @FILE support
configure:6362: cc -c -g -O2  conftest.c >&5
configure:6362: $? = 0
configure:6365: ar cru libconftest.a @conftest.lst >&5
configure:6368: $? = 0
configure:6373: ar cru libconftest.a @conftest.lst >&5
ar: conftest.o: No such file or directory
configure:6376: $? = 1
configure:6388: result: @
configure:6446: checking for strip
configure:6462: found /usr/bin/strip
configure:6473: result: strip
configure:6545: checking for ranlib
configure:6561: found /usr/bin/ranlib
configure:6572: result: ranlib
configure:6649: checking for gawk
configure:6676: result: gawk
configure:6716: checking command to parse /usr/bin/nm -B output from cc object
configure:6836: cc -c -g -O2  conftest.c >&5
configure:6839: $? = 0
configure:6843: /usr/bin/nm -B conftest.o \| sed -n -e 's/^.*[ ]\([ABCDGIRSTW][ABCDGIRSTW]*\)[ ][ ]*\([_A-Za-z][_A-Za-z0-9]*\)$/\1 \2 \2/p' | sed '/ __gnu_lto/d' \> conftest.nm
configure:6846: $? = 0
configure:6912: cc -o conftest -g -O2   conftest.c conftstm.o >&5
configure:6915: $? = 0
configure:6953: result: ok
configure:6990: checking for sysroot
configure:7020: result: no
configure:7097: cc -c -g -O2  conftest.c >&5
configure:7100: $? = 0
configure:7276: checking for mt
configure:7306: result: no
configure:7326: checking if : is a manifest tool
configure:7332: : '-?'
configure:7340: result: no
configure:7977: checking for ANSI C header files
configure:7997: cc -c -g -O2  conftest.c >&5
configure:7997: $? = 0
configure:8070: cc -o conftest -g -O2   conftest.c -lstdc++  >&5
configure:8070: $? = 0
configure:8070: ./conftest
configure:8070: $? = 0
configure:8081: result: yes
configure:8094: checking for sys/types.h
configure:8094: cc -c -g -O2  conftest.c >&5
configure:8094: $? = 0
configure:8094: result: yes
configure:8094: checking for sys/stat.h
configure:8094: cc -c -g -O2  conftest.c >&5
configure:8094: $? = 0
configure:8094: result: yes
configure:8094: checking for stdlib.h
configure:8094: cc -c -g -O2  conftest.c >&5
configure:8094: $? = 0
configure:8094: result: yes
configure:8094: checking for string.h
configure:8094: cc -c -g -O2  conftest.c >&5
configure:8094: $? = 0
configure:8094: result: yes
configure:8094: checking for memory.h
configure:8094: cc -c -g -O2  conftest.c >&5
configure:8094: $? = 0
configure:8094: result: yes
configure:8094: checking for strings.h
configure:8094: cc -c -g -O2  conftest.c >&5
configure:8094: $? = 0
configure:8094: result: yes
configure:8094: checking for inttypes.h
configure:8094: cc -c -g -O2  conftest.c >&5
configure:8094: $? = 0
configure:8094: result: yes
configure:8094: checking for stdint.h
configure:8094: cc -c -g -O2  conftest.c >&5
configure:8094: $? = 0
configure:8094: result: yes
configure:8094: checking for unistd.h
configure:8094: cc -c -g -O2  conftest.c >&5
configure:8094: $? = 0
configure:8094: result: yes
configure:8108: checking for dlfcn.h
configure:8108: cc -c -g -O2  conftest.c >&5
configure:8108: $? = 0
configure:8108: result: yes
configure:8325: checking for objdir
configure:8340: result: .libs
configure:8611: checking if cc supports -fno-rtti -fno-exceptions
configure:8629: cc -c -g -O2  -fno-rtti -fno-exceptions conftest.c >&5
cc1: warning: command line option '-fno-rtti' is valid for C++/ObjC++ but not for C [enabled by default]
configure:8633: $? = 0
configure:8646: result: no
configure:8973: checking for cc option to produce PIC
configure:8980: result: -fPIC -DPIC
configure:8988: checking if cc PIC flag -fPIC -DPIC works
configure:9006: cc -c -g -O2  -fPIC -DPIC -DPIC conftest.c >&5
configure:9010: $? = 0
configure:9023: result: yes
configure:9052: checking if cc static flag -static works
configure:9080: result: no
configure:9095: checking if cc supports -c -o file.o
configure:9116: cc -c -g -O2  -o out/conftest2.o conftest.c >&5
configure:9120: $? = 0
configure:9142: result: yes
configure:9150: checking if cc supports -c -o file.o
configure:9197: result: yes
configure:9230: checking whether the cc linker (/usr/bin/ld -m elf_x86_64) supports shared libraries
configure:10383: result: yes
configure:10420: checking whether -lc should be explicitly linked in
configure:10428: cc -c -g -O2  conftest.c >&5
configure:10431: $? = 0
configure:10446: cc -shared  -fPIC -DPIC conftest.o  -v -Wl,-soname -Wl,conftest -o conftest 2\>\&1 \| /usr/bin/grep  -lc  \>/dev/null 2\>\&1
configure:10449: $? = 0
configure:10463: result: no
configure:10623: checking dynamic linker characteristics
configure:11134: cc -o conftest -g -O2   -Wl,-rpath -Wl,/foo conftest.c -lstdc++  >&5
configure:11134: $? = 0
configure:11360: result: GNU/Linux ld.so
configure:11467: checking how to hardcode library paths into programs
configure:11492: result: immediate
configure:12032: checking whether stripping libraries is possible
configure:12037: result: yes
configure:12072: checking if libtool supports shared libraries
configure:12074: result: yes
configure:12077: checking whether to build shared libraries
configure:12098: result: yes
configure:12101: checking whether to build static libraries
configure:12105: result: no
configure:12128: checking how to run the C++ preprocessor
configure:12194: result: g++ -E
configure:12214: g++ -E  conftest.cpp
configure:12214: $? = 0
configure:12228: g++ -E  conftest.cpp
conftest.cpp:22:28: fatal error: ac_nonexistent.h: No such file or directory
 #include <ac_nonexistent.h>
                            ^
compilation terminated.
configure:12228: $? = 1
configure: failed program was:
| /* confdefs.h */
| #define PACKAGE_NAME ""
| #define PACKAGE_TARNAME ""
| #define PACKAGE_VERSION ""
| #define PACKAGE_STRING ""
| #define PACKAGE_BUGREPORT ""
| #define PACKAGE_URL ""
| #define COMPILE_DL_THRIFT_PROTOCOL 1
| #define STDC_HEADERS 1
| #define HAVE_SYS_TYPES_H 1
| #define HAVE_SYS_STAT_H 1
| #define HAVE_STDLIB_H 1
| #define HAVE_STRING_H 1
| #define HAVE_MEMORY_H 1
| #define HAVE_STRINGS_H 1
| #define HAVE_INTTYPES_H 1
| #define HAVE_STDINT_H 1
| #define HAVE_UNISTD_H 1
| #define HAVE_DLFCN_H 1
| #define LT_OBJDIR ".libs/"
| /* end confdefs.h.  */
| #include <ac_nonexistent.h>
configure:12397: checking for ld used by g++
configure:12464: result: /usr/bin/ld -m elf_x86_64
configure:12471: checking if the linker (/usr/bin/ld -m elf_x86_64) is GNU ld
configure:12486: result: yes
configure:12541: checking whether the g++ linker (/usr/bin/ld -m elf_x86_64) supports shared libraries
configure:13546: result: yes
configure:13582: g++ -c -g -O2 -std=c++11  conftest.cpp >&5
configure:13585: $? = 0
configure:14105: checking for g++ option to produce PIC
configure:14112: result: -fPIC -DPIC
configure:14120: checking if g++ PIC flag -fPIC -DPIC works
configure:14138: g++ -c -g -O2 -std=c++11  -fPIC -DPIC -DPIC conftest.cpp >&5
configure:14142: $? = 0
configure:14155: result: yes
configure:14178: checking if g++ static flag -static works
configure:14206: result: no
configure:14218: checking if g++ supports -c -o file.o
configure:14239: g++ -c -g -O2 -std=c++11  -o out/conftest2.o conftest.cpp >&5
configure:14243: $? = 0
configure:14265: result: yes
configure:14270: checking if g++ supports -c -o file.o
configure:14317: result: yes
configure:14347: checking whether the g++ linker (/usr/bin/ld -m elf_x86_64) supports shared libraries
configure:14383: result: yes
configure:14524: checking dynamic linker characteristics
configure:15195: result: GNU/Linux ld.so
configure:15248: checking how to hardcode library paths into programs
configure:15273: result: immediate
configure:15573: creating ./config.status

## ---------------------- ##
## Running config.status. ##
## ---------------------- ##

This file was extended by config.status, which was
generated by GNU Autoconf 2.69.  Invocation command line was

  CONFIG_FILES    = 
  CONFIG_HEADERS  = 
  CONFIG_LINKS    = 
  CONFIG_COMMANDS = 
  $ ./config.status 

on localhost.localdomain

config.status:942: creating config.h
config.status:1032: config.h is unchanged
config.status:1046: executing libtool commands

## ---------------- ##
## Cache variables. ##
## ---------------- ##

ac_cv_build=x86_64-unknown-linux-gnu
ac_cv_c_compiler_gnu=yes
ac_cv_cxx_compiler_gnu=yes
ac_cv_env_CCC_set=
ac_cv_env_CCC_value=
ac_cv_env_CC_set=
ac_cv_env_CC_value=
ac_cv_env_CFLAGS_set=
ac_cv_env_CFLAGS_value=
ac_cv_env_CPPFLAGS_set=
ac_cv_env_CPPFLAGS_value=
ac_cv_env_CPP_set=
ac_cv_env_CPP_value=
ac_cv_env_CXXCPP_set=
ac_cv_env_CXXCPP_value=
ac_cv_env_CXXFLAGS_set=
ac_cv_env_CXXFLAGS_value=
ac_cv_env_CXX_set=
ac_cv_env_CXX_value=
ac_cv_env_LDFLAGS_set=
ac_cv_env_LDFLAGS_value=
ac_cv_env_LIBS_set=
ac_cv_env_LIBS_value=
ac_cv_env_build_alias_set=
ac_cv_env_build_alias_value=
ac_cv_env_host_alias_set=
ac_cv_env_host_alias_value=
ac_cv_env_target_alias_set=
ac_cv_env_target_alias_value=
ac_cv_header_dlfcn_h=yes
ac_cv_header_inttypes_h=yes
ac_cv_header_memory_h=yes
ac_cv_header_stdc=yes
ac_cv_header_stdint_h=yes
ac_cv_header_stdlib_h=yes
ac_cv_header_string_h=yes
ac_cv_header_strings_h=yes
ac_cv_header_sys_stat_h=yes
ac_cv_header_sys_types_h=yes
ac_cv_header_unistd_h=yes
ac_cv_host=x86_64-unknown-linux-gnu
ac_cv_objext=o
ac_cv_path_EGREP='/usr/bin/grep -E'
ac_cv_path_FGREP='/usr/bin/grep -F'
ac_cv_path_GREP=/usr/bin/grep
ac_cv_path_SED=/usr/bin/sed
ac_cv_prog_AWK=gawk
ac_cv_prog_CPP='cc -E'
ac_cv_prog_CXXCPP='g++ -E'
ac_cv_prog_ac_ct_AR=ar
ac_cv_prog_ac_ct_CC=cc
ac_cv_prog_ac_ct_CXX=g++
ac_cv_prog_ac_ct_OBJDUMP=objdump
ac_cv_prog_ac_ct_RANLIB=ranlib
ac_cv_prog_ac_ct_STRIP=strip
ac_cv_prog_cc_c89=
ac_cv_prog_cc_cc_c_o=yes
ac_cv_prog_cc_g=yes
ac_cv_prog_cxx_g=yes
ac_cv_target=x86_64-unknown-linux-gnu
lt_cv_ar_at_file=@
lt_cv_archive_cmds_need_lc=no
lt_cv_deplibs_check_method=pass_all
lt_cv_file_magic_cmd='$MAGIC_CMD'
lt_cv_file_magic_test_file=
lt_cv_ld_reload_flag=-r
lt_cv_nm_interface='BSD nm'
lt_cv_objdir=.libs
lt_cv_path_LD=/usr/bin/ld
lt_cv_path_LDCXX='/usr/bin/ld -m elf_x86_64'
lt_cv_path_NM='/usr/bin/nm -B'
lt_cv_path_mainfest_tool=no
lt_cv_prog_compiler_c_o=yes
lt_cv_prog_compiler_c_o_CXX=yes
lt_cv_prog_compiler_pic='-fPIC -DPIC'
lt_cv_prog_compiler_pic_CXX='-fPIC -DPIC'
lt_cv_prog_compiler_pic_works=yes
lt_cv_prog_compiler_pic_works_CXX=yes
lt_cv_prog_compiler_rtti_exceptions=no
lt_cv_prog_compiler_static_works=no
lt_cv_prog_compiler_static_works_CXX=no
lt_cv_prog_gnu_ld=yes
lt_cv_prog_gnu_ldcxx=yes
lt_cv_sharedlib_from_linklib_cmd='printf %s\n'
lt_cv_shlibpath_overrides_runpath=no
lt_cv_sys_global_symbol_pipe='sed -n -e '\''s/^.*[	 ]\([ABCDGIRSTW][ABCDGIRSTW]*\)[	 ][	 ]*\([_A-Za-z][_A-Za-z0-9]*\)$/\1 \2 \2/p'\'' | sed '\''/ __gnu_lto/d'\'''
lt_cv_sys_global_symbol_to_c_name_address='sed -n -e '\''s/^: \([^ ]*\)[ ]*$/  {\"\1\", (void *) 0},/p'\'' -e '\''s/^[ABCDGIRSTW]* \([^ ]*\) \([^ ]*\)$/  {"\2", (void *) \&\2},/p'\'''
lt_cv_sys_global_symbol_to_c_name_address_lib_prefix='sed -n -e '\''s/^: \([^ ]*\)[ ]*$/  {\"\1\", (void *) 0},/p'\'' -e '\''s/^[ABCDGIRSTW]* \([^ ]*\) \(lib[^ ]*\)$/  {"\2", (void *) \&\2},/p'\'' -e '\''s/^[ABCDGIRSTW]* \([^ ]*\) \([^ ]*\)$/  {"lib\2", (void *) \&\2},/p'\'''
lt_cv_sys_global_symbol_to_cdecl='sed -n -e '\''s/^T .* \(.*\)$/extern int \1();/p'\'' -e '\''s/^[ABCDGIRSTW]* .* \(.*\)$/extern char \1;/p'\'''
lt_cv_sys_max_cmd_len=1572864
lt_cv_to_host_file_cmd=func_convert_file_noop
lt_cv_to_tool_file_cmd=func_convert_file_noop
php_cv_cc_dashr=no
php_cv_cc_rpath=yes

## ----------------- ##
## Output variables. ##
## ----------------- ##

AR='ar'
AWK='gawk'
CC='cc'
CFLAGS='-g -O2'
CONFIGURE_COMMAND=' '\''./configure'\'' '
CONFIGURE_OPTIONS=''
CPP='cc -E'
CPPFLAGS=' -DHAVE_CONFIG_H'
CXX='g++'
CXXCPP='g++ -E'
CXXFLAGS='-g -O2 -std=c++11'
DEFS='-DHAVE_CONFIG_H'
DLLTOOL='false'
DSYMUTIL=''
DUMPBIN=''
ECHO_C=''
ECHO_N='-n'
ECHO_T=''
EGREP='/usr/bin/grep -E'
EXEEXT=''
FGREP='/usr/bin/grep -F'
GREP='/usr/bin/grep'
LD='/usr/bin/ld -m elf_x86_64'
LDFLAGS=''
LIBOBJS=''
LIBS='-lstdc++ '
LIBTOOL='$(SHELL) $(top_builddir)/libtool'
LIPO=''
LN_S='ln -s'
LTLIBOBJS=''
MANIFEST_TOOL=':'
NM='/usr/bin/nm -B'
NMEDIT=''
OBJDUMP='objdump'
OBJEXT='o'
OTOOL64=''
OTOOL=''
PACKAGE_BUGREPORT=''
PACKAGE_NAME=''
PACKAGE_STRING=''
PACKAGE_TARNAME=''
PACKAGE_URL=''
PACKAGE_VERSION=''
PATH_SEPARATOR=':'
RANLIB='ranlib'
RE2C='exit 0;'
SED='/usr/bin/sed'
SHELL='/bin/sh'
SHLIB_DL_SUFFIX_NAME='so'
SHLIB_SUFFIX_NAME='so'
STRIP='strip'
ac_ct_AR='ar'
ac_ct_CC='cc'
ac_ct_CXX='g++'
ac_ct_DUMPBIN=''
bindir='${exec_prefix}/bin'
build='x86_64-unknown-linux-gnu'
build_alias=''
build_cpu='x86_64'
build_os='linux-gnu'
build_vendor='unknown'
datadir='${datarootdir}'
datarootdir='${prefix}/share'
docdir='${datarootdir}/doc/${PACKAGE}'
dvidir='${docdir}'
exec_prefix='$(prefix)'
host='x86_64-unknown-linux-gnu'
host_alias='x86_64-unknown-linux-gnu'
host_cpu='x86_64'
host_os='linux-gnu'
host_vendor='unknown'
htmldir='${docdir}'
includedir='${prefix}/include'
infodir='${datarootdir}/info'
libdir='${exec_prefix}/lib'
libexecdir='${exec_prefix}/libexec'
localedir='${datarootdir}/locale'
localstatedir='${prefix}/var'
mandir='${datarootdir}/man'
oldincludedir='/usr/include'
pdfdir='${docdir}'
prefix='/usr'
program_transform_name='s,x,x,'
psdir='${docdir}'
sbindir='${exec_prefix}/sbin'
sharedstatedir='${prefix}/com'
sysconfdir='${prefix}/etc'
target='x86_64-unknown-linux-gnu'
target_alias=''
target_cpu='x86_64'
target_os='linux-gnu'
target_vendor='unknown'

## ----------- ##
## confdefs.h. ##
## ----------- ##

/* confdefs.h */
#define PACKAGE_NAME ""
#define PACKAGE_TARNAME ""
#define PACKAGE_VERSION ""
#define PACKAGE_STRING ""
#define PACKAGE_BUGREPORT ""
#define PACKAGE_URL ""
#define COMPILE_DL_THRIFT_PROTOCOL 1
#define STDC_HEADERS 1
#define HAVE_SYS_TYPES_H 1
#define HAVE_SYS_STAT_H 1
#define HAVE_STDLIB_H 1
#define HAVE_STRING_H 1
#define HAVE_MEMORY_H 1
#define HAVE_STRINGS_H 1
#define HAVE_INTTYPES_H 1
#define HAVE_STDINT_H 1
#define HAVE_UNISTD_H 1
#define HAVE_DLFCN_H 1
#define LT_OBJDIR ".libs/"

configure: exit 0
